CRITICAL - 2025-06-24 07:59:24 --> ErrorException: Undefined variable $hlm
[Method: GET, Route: login]
in APPPATH\Views\layout_clear.php on line 7.
 1 APPPATH\Views\layout_clear.php(7): CodeIgniter\Debug\Exceptions->errorHandler(2, 'Undefined variable $hlm', 'C:\\xampp\\php\\codeigniter\\app\\Views\\layout_clear.php', 7)
 2 SYSTEMPATH\View\View.php(224): include('C:\\xampp\\php\\codeigniter\\app\\Views\\layout_clear.php')
 3 SYSTEMPATH\View\View.php(227): CodeIgniter\View\View->CodeIgniter\View\{closure}()
 4 SYSTEMPATH\View\View.php(240): CodeIgniter\View\View->render('layout_clear', [], true)
 5 SYSTEMPATH\Common.php(1173): CodeIgniter\View\View->render('login', [], true)
 6 APPPATH\Controllers\AuthController.php(40): view('login')
 7 SYSTEMPATH\CodeIgniter.php(933): App\Controllers\AuthController->login()
 8 SYSTEMPATH\CodeIgniter.php(507): CodeIgniter\CodeIgniter->runController(Object(App\Controllers\AuthController))
 9 SYSTEMPATH\CodeIgniter.php(354): CodeIgniter\CodeIgniter->handleRequest(null, Object(Config\Cache), false)
10 SYSTEMPATH\Boot.php(334): CodeIgniter\CodeIgniter->run()
11 SYSTEMPATH\Boot.php(67): CodeIgniter\Boot::runCodeIgniter(Object(CodeIgniter\CodeIgniter))
12 FCPATH\index.php(59): CodeIgniter\Boot::bootWeb(Object(Config\Paths))
13 SYSTEMPATH\rewrite.php(44): require_once('C:\\xampp\\php\\codeigniter\\public\\index.php')
CRITICAL - 2025-06-24 07:59:26 --> ErrorException: Undefined variable $hlm
[Method: GET, Route: login]
in APPPATH\Views\layout_clear.php on line 7.
 1 APPPATH\Views\layout_clear.php(7): CodeIgniter\Debug\Exceptions->errorHandler(2, 'Undefined variable $hlm', 'C:\\xampp\\php\\codeigniter\\app\\Views\\layout_clear.php', 7)
 2 SYSTEMPATH\View\View.php(224): include('C:\\xampp\\php\\codeigniter\\app\\Views\\layout_clear.php')
 3 SYSTEMPATH\View\View.php(227): CodeIgniter\View\View->CodeIgniter\View\{closure}()
 4 SYSTEMPATH\View\View.php(240): CodeIgniter\View\View->render('layout_clear', [], true)
 5 SYSTEMPATH\Common.php(1173): CodeIgniter\View\View->render('login', [], true)
 6 APPPATH\Controllers\AuthController.php(40): view('login')
 7 SYSTEMPATH\CodeIgniter.php(933): App\Controllers\AuthController->login()
 8 SYSTEMPATH\CodeIgniter.php(507): CodeIgniter\CodeIgniter->runController(Object(App\Controllers\AuthController))
 9 SYSTEMPATH\CodeIgniter.php(354): CodeIgniter\CodeIgniter->handleRequest(null, Object(Config\Cache), false)
10 SYSTEMPATH\Boot.php(334): CodeIgniter\CodeIgniter->run()
11 SYSTEMPATH\Boot.php(67): CodeIgniter\Boot::runCodeIgniter(Object(CodeIgniter\CodeIgniter))
12 FCPATH\index.php(59): CodeIgniter\Boot::bootWeb(Object(Config\Paths))
13 SYSTEMPATH\rewrite.php(44): require_once('C:\\xampp\\php\\codeigniter\\public\\index.php')
CRITICAL - 2025-06-24 08:00:35 --> ErrorException: Undefined variable $hlm
[Method: GET, Route: login]
in APPPATH\Views\layout_clear.php on line 7.
 1 APPPATH\Views\layout_clear.php(7): CodeIgniter\Debug\Exceptions->errorHandler(2, 'Undefined variable $hlm', 'C:\\xampp\\php\\codeigniter\\app\\Views\\layout_clear.php', 7)
 2 SYSTEMPATH\View\View.php(224): include('C:\\xampp\\php\\codeigniter\\app\\Views\\layout_clear.php')
 3 SYSTEMPATH\View\View.php(227): CodeIgniter\View\View->CodeIgniter\View\{closure}()
 4 SYSTEMPATH\View\View.php(240): CodeIgniter\View\View->render('layout_clear', [], true)
 5 SYSTEMPATH\Common.php(1173): CodeIgniter\View\View->render('login', [], true)
 6 APPPATH\Controllers\AuthController.php(40): view('login')
 7 SYSTEMPATH\CodeIgniter.php(933): App\Controllers\AuthController->login()
 8 SYSTEMPATH\CodeIgniter.php(507): CodeIgniter\CodeIgniter->runController(Object(App\Controllers\AuthController))
 9 SYSTEMPATH\CodeIgniter.php(354): CodeIgniter\CodeIgniter->handleRequest(null, Object(Config\Cache), false)
10 SYSTEMPATH\Boot.php(334): CodeIgniter\CodeIgniter->run()
11 SYSTEMPATH\Boot.php(67): CodeIgniter\Boot::runCodeIgniter(Object(CodeIgniter\CodeIgniter))
12 FCPATH\index.php(59): CodeIgniter\Boot::bootWeb(Object(Config\Paths))
13 SYSTEMPATH\rewrite.php(44): require_once('C:\\xampp\\php\\codeigniter\\public\\index.php')
CRITICAL - 2025-06-24 08:00:36 --> ErrorException: Undefined variable $hlm
[Method: GET, Route: login]
in APPPATH\Views\layout_clear.php on line 7.
 1 APPPATH\Views\layout_clear.php(7): CodeIgniter\Debug\Exceptions->errorHandler(2, 'Undefined variable $hlm', 'C:\\xampp\\php\\codeigniter\\app\\Views\\layout_clear.php', 7)
 2 SYSTEMPATH\View\View.php(224): include('C:\\xampp\\php\\codeigniter\\app\\Views\\layout_clear.php')
 3 SYSTEMPATH\View\View.php(227): CodeIgniter\View\View->CodeIgniter\View\{closure}()
 4 SYSTEMPATH\View\View.php(240): CodeIgniter\View\View->render('layout_clear', [], true)
 5 SYSTEMPATH\Common.php(1173): CodeIgniter\View\View->render('login', [], true)
 6 APPPATH\Controllers\AuthController.php(40): view('login')
 7 SYSTEMPATH\CodeIgniter.php(933): App\Controllers\AuthController->login()
 8 SYSTEMPATH\CodeIgniter.php(507): CodeIgniter\CodeIgniter->runController(Object(App\Controllers\AuthController))
 9 SYSTEMPATH\CodeIgniter.php(354): CodeIgniter\CodeIgniter->handleRequest(null, Object(Config\Cache), false)
10 SYSTEMPATH\Boot.php(334): CodeIgniter\CodeIgniter->run()
11 SYSTEMPATH\Boot.php(67): CodeIgniter\Boot::runCodeIgniter(Object(CodeIgniter\CodeIgniter))
12 FCPATH\index.php(59): CodeIgniter\Boot::bootWeb(Object(Config\Paths))
13 SYSTEMPATH\rewrite.php(44): require_once('C:\\xampp\\php\\codeigniter\\public\\index.php')
CRITICAL - 2025-06-24 08:01:29 --> ErrorException: Undefined variable $hlm
[Method: GET, Route: login]
in APPPATH\Views\layout_clear.php on line 7.
 1 APPPATH\Views\layout_clear.php(7): CodeIgniter\Debug\Exceptions->errorHandler(2, 'Undefined variable $hlm', 'C:\\xampp\\php\\codeigniter\\app\\Views\\layout_clear.php', 7)
 2 SYSTEMPATH\View\View.php(224): include('C:\\xampp\\php\\codeigniter\\app\\Views\\layout_clear.php')
 3 SYSTEMPATH\View\View.php(227): CodeIgniter\View\View->CodeIgniter\View\{closure}()
 4 SYSTEMPATH\View\View.php(240): CodeIgniter\View\View->render('layout_clear', [], true)
 5 SYSTEMPATH\Common.php(1173): CodeIgniter\View\View->render('login', [], true)
 6 APPPATH\Controllers\AuthController.php(40): view('login')
 7 SYSTEMPATH\CodeIgniter.php(933): App\Controllers\AuthController->login()
 8 SYSTEMPATH\CodeIgniter.php(507): CodeIgniter\CodeIgniter->runController(Object(App\Controllers\AuthController))
 9 SYSTEMPATH\CodeIgniter.php(354): CodeIgniter\CodeIgniter->handleRequest(null, Object(Config\Cache), false)
10 SYSTEMPATH\Boot.php(334): CodeIgniter\CodeIgniter->run()
11 SYSTEMPATH\Boot.php(67): CodeIgniter\Boot::runCodeIgniter(Object(CodeIgniter\CodeIgniter))
12 FCPATH\index.php(59): CodeIgniter\Boot::bootWeb(Object(Config\Paths))
13 SYSTEMPATH\rewrite.php(44): require_once('C:\\xampp\\php\\codeigniter\\public\\index.php')
CRITICAL - 2025-06-24 08:01:59 --> ErrorException: Undefined variable $hlm
[Method: GET, Route: login]
in APPPATH\Views\layout_clear.php on line 7.
 1 APPPATH\Views\layout_clear.php(7): CodeIgniter\Debug\Exceptions->errorHandler(2, 'Undefined variable $hlm', 'C:\\xampp\\php\\codeigniter\\app\\Views\\layout_clear.php', 7)
 2 SYSTEMPATH\View\View.php(224): include('C:\\xampp\\php\\codeigniter\\app\\Views\\layout_clear.php')
 3 SYSTEMPATH\View\View.php(227): CodeIgniter\View\View->CodeIgniter\View\{closure}()
 4 SYSTEMPATH\View\View.php(240): CodeIgniter\View\View->render('layout_clear', [], true)
 5 SYSTEMPATH\Common.php(1173): CodeIgniter\View\View->render('login', [], true)
 6 APPPATH\Controllers\AuthController.php(40): view('login')
 7 SYSTEMPATH\CodeIgniter.php(933): App\Controllers\AuthController->login()
 8 SYSTEMPATH\CodeIgniter.php(507): CodeIgniter\CodeIgniter->runController(Object(App\Controllers\AuthController))
 9 SYSTEMPATH\CodeIgniter.php(354): CodeIgniter\CodeIgniter->handleRequest(null, Object(Config\Cache), false)
10 SYSTEMPATH\Boot.php(334): CodeIgniter\CodeIgniter->run()
11 SYSTEMPATH\Boot.php(67): CodeIgniter\Boot::runCodeIgniter(Object(CodeIgniter\CodeIgniter))
12 FCPATH\index.php(59): CodeIgniter\Boot::bootWeb(Object(Config\Paths))
13 SYSTEMPATH\rewrite.php(44): require_once('C:\\xampp\\php\\codeigniter\\public\\index.php')
CRITICAL - 2025-06-24 08:02:02 --> ErrorException: Undefined variable $hlm
[Method: GET, Route: login]
in APPPATH\Views\layout_clear.php on line 7.
 1 APPPATH\Views\layout_clear.php(7): CodeIgniter\Debug\Exceptions->errorHandler(2, 'Undefined variable $hlm', 'C:\\xampp\\php\\codeigniter\\app\\Views\\layout_clear.php', 7)
 2 SYSTEMPATH\View\View.php(224): include('C:\\xampp\\php\\codeigniter\\app\\Views\\layout_clear.php')
 3 SYSTEMPATH\View\View.php(227): CodeIgniter\View\View->CodeIgniter\View\{closure}()
 4 SYSTEMPATH\View\View.php(240): CodeIgniter\View\View->render('layout_clear', [], true)
 5 SYSTEMPATH\Common.php(1173): CodeIgniter\View\View->render('login', [], true)
 6 APPPATH\Controllers\AuthController.php(40): view('login')
 7 SYSTEMPATH\CodeIgniter.php(933): App\Controllers\AuthController->login()
 8 SYSTEMPATH\CodeIgniter.php(507): CodeIgniter\CodeIgniter->runController(Object(App\Controllers\AuthController))
 9 SYSTEMPATH\CodeIgniter.php(354): CodeIgniter\CodeIgniter->handleRequest(null, Object(Config\Cache), false)
10 SYSTEMPATH\Boot.php(334): CodeIgniter\CodeIgniter->run()
11 SYSTEMPATH\Boot.php(67): CodeIgniter\Boot::runCodeIgniter(Object(CodeIgniter\CodeIgniter))
12 FCPATH\index.php(59): CodeIgniter\Boot::bootWeb(Object(Config\Paths))
13 SYSTEMPATH\rewrite.php(44): require_once('C:\\xampp\\php\\codeigniter\\public\\index.php')
CRITICAL - 2025-06-24 08:05:21 --> ErrorException: Undefined variable $hlm
[Method: GET, Route: login]
in APPPATH\Views\layout_clear.php on line 7.
 1 APPPATH\Views\layout_clear.php(7): CodeIgniter\Debug\Exceptions->errorHandler(2, 'Undefined variable $hlm', 'C:\\xampp\\php\\codeigniter\\app\\Views\\layout_clear.php', 7)
 2 SYSTEMPATH\View\View.php(224): include('C:\\xampp\\php\\codeigniter\\app\\Views\\layout_clear.php')
 3 SYSTEMPATH\View\View.php(227): CodeIgniter\View\View->CodeIgniter\View\{closure}()
 4 SYSTEMPATH\View\View.php(240): CodeIgniter\View\View->render('layout_clear', [], true)
 5 SYSTEMPATH\Common.php(1173): CodeIgniter\View\View->render('login', [], true)
 6 APPPATH\Controllers\AuthController.php(40): view('login')
 7 SYSTEMPATH\CodeIgniter.php(933): App\Controllers\AuthController->login()
 8 SYSTEMPATH\CodeIgniter.php(507): CodeIgniter\CodeIgniter->runController(Object(App\Controllers\AuthController))
 9 SYSTEMPATH\CodeIgniter.php(354): CodeIgniter\CodeIgniter->handleRequest(null, Object(Config\Cache), false)
10 SYSTEMPATH\Boot.php(334): CodeIgniter\CodeIgniter->run()
11 SYSTEMPATH\Boot.php(67): CodeIgniter\Boot::runCodeIgniter(Object(CodeIgniter\CodeIgniter))
12 FCPATH\index.php(59): CodeIgniter\Boot::bootWeb(Object(Config\Paths))
13 SYSTEMPATH\rewrite.php(44): require_once('C:\\xampp\\php\\codeigniter\\public\\index.php')
CRITICAL - 2025-06-24 08:05:22 --> ErrorException: Undefined variable $hlm
[Method: GET, Route: login]
in APPPATH\Views\layout_clear.php on line 7.
 1 APPPATH\Views\layout_clear.php(7): CodeIgniter\Debug\Exceptions->errorHandler(2, 'Undefined variable $hlm', 'C:\\xampp\\php\\codeigniter\\app\\Views\\layout_clear.php', 7)
 2 SYSTEMPATH\View\View.php(224): include('C:\\xampp\\php\\codeigniter\\app\\Views\\layout_clear.php')
 3 SYSTEMPATH\View\View.php(227): CodeIgniter\View\View->CodeIgniter\View\{closure}()
 4 SYSTEMPATH\View\View.php(240): CodeIgniter\View\View->render('layout_clear', [], true)
 5 SYSTEMPATH\Common.php(1173): CodeIgniter\View\View->render('login', [], true)
 6 APPPATH\Controllers\AuthController.php(40): view('login')
 7 SYSTEMPATH\CodeIgniter.php(933): App\Controllers\AuthController->login()
 8 SYSTEMPATH\CodeIgniter.php(507): CodeIgniter\CodeIgniter->runController(Object(App\Controllers\AuthController))
 9 SYSTEMPATH\CodeIgniter.php(354): CodeIgniter\CodeIgniter->handleRequest(null, Object(Config\Cache), false)
10 SYSTEMPATH\Boot.php(334): CodeIgniter\CodeIgniter->run()
11 SYSTEMPATH\Boot.php(67): CodeIgniter\Boot::runCodeIgniter(Object(CodeIgniter\CodeIgniter))
12 FCPATH\index.php(59): CodeIgniter\Boot::bootWeb(Object(Config\Paths))
13 SYSTEMPATH\rewrite.php(44): require_once('C:\\xampp\\php\\codeigniter\\public\\index.php')
CRITICAL - 2025-06-24 08:05:22 --> ErrorException: Undefined variable $hlm
[Method: GET, Route: login]
in APPPATH\Views\layout_clear.php on line 7.
 1 APPPATH\Views\layout_clear.php(7): CodeIgniter\Debug\Exceptions->errorHandler(2, 'Undefined variable $hlm', 'C:\\xampp\\php\\codeigniter\\app\\Views\\layout_clear.php', 7)
 2 SYSTEMPATH\View\View.php(224): include('C:\\xampp\\php\\codeigniter\\app\\Views\\layout_clear.php')
 3 SYSTEMPATH\View\View.php(227): CodeIgniter\View\View->CodeIgniter\View\{closure}()
 4 SYSTEMPATH\View\View.php(240): CodeIgniter\View\View->render('layout_clear', [], true)
 5 SYSTEMPATH\Common.php(1173): CodeIgniter\View\View->render('login', [], true)
 6 APPPATH\Controllers\AuthController.php(40): view('login')
 7 SYSTEMPATH\CodeIgniter.php(933): App\Controllers\AuthController->login()
 8 SYSTEMPATH\CodeIgniter.php(507): CodeIgniter\CodeIgniter->runController(Object(App\Controllers\AuthController))
 9 SYSTEMPATH\CodeIgniter.php(354): CodeIgniter\CodeIgniter->handleRequest(null, Object(Config\Cache), false)
10 SYSTEMPATH\Boot.php(334): CodeIgniter\CodeIgniter->run()
11 SYSTEMPATH\Boot.php(67): CodeIgniter\Boot::runCodeIgniter(Object(CodeIgniter\CodeIgniter))
12 FCPATH\index.php(59): CodeIgniter\Boot::bootWeb(Object(Config\Paths))
13 SYSTEMPATH\rewrite.php(44): require_once('C:\\xampp\\php\\codeigniter\\public\\index.php')
CRITICAL - 2025-06-24 08:05:23 --> ErrorException: Undefined variable $hlm
[Method: GET, Route: login]
in APPPATH\Views\layout_clear.php on line 7.
 1 APPPATH\Views\layout_clear.php(7): CodeIgniter\Debug\Exceptions->errorHandler(2, 'Undefined variable $hlm', 'C:\\xampp\\php\\codeigniter\\app\\Views\\layout_clear.php', 7)
 2 SYSTEMPATH\View\View.php(224): include('C:\\xampp\\php\\codeigniter\\app\\Views\\layout_clear.php')
 3 SYSTEMPATH\View\View.php(227): CodeIgniter\View\View->CodeIgniter\View\{closure}()
 4 SYSTEMPATH\View\View.php(240): CodeIgniter\View\View->render('layout_clear', [], true)
 5 SYSTEMPATH\Common.php(1173): CodeIgniter\View\View->render('login', [], true)
 6 APPPATH\Controllers\AuthController.php(40): view('login')
 7 SYSTEMPATH\CodeIgniter.php(933): App\Controllers\AuthController->login()
 8 SYSTEMPATH\CodeIgniter.php(507): CodeIgniter\CodeIgniter->runController(Object(App\Controllers\AuthController))
 9 SYSTEMPATH\CodeIgniter.php(354): CodeIgniter\CodeIgniter->handleRequest(null, Object(Config\Cache), false)
10 SYSTEMPATH\Boot.php(334): CodeIgniter\CodeIgniter->run()
11 SYSTEMPATH\Boot.php(67): CodeIgniter\Boot::runCodeIgniter(Object(CodeIgniter\CodeIgniter))
12 FCPATH\index.php(59): CodeIgniter\Boot::bootWeb(Object(Config\Paths))
13 SYSTEMPATH\rewrite.php(44): require_once('C:\\xampp\\php\\codeigniter\\public\\index.php')
CRITICAL - 2025-06-24 08:05:23 --> ErrorException: Undefined variable $hlm
[Method: GET, Route: login]
in APPPATH\Views\layout_clear.php on line 7.
 1 APPPATH\Views\layout_clear.php(7): CodeIgniter\Debug\Exceptions->errorHandler(2, 'Undefined variable $hlm', 'C:\\xampp\\php\\codeigniter\\app\\Views\\layout_clear.php', 7)
 2 SYSTEMPATH\View\View.php(224): include('C:\\xampp\\php\\codeigniter\\app\\Views\\layout_clear.php')
 3 SYSTEMPATH\View\View.php(227): CodeIgniter\View\View->CodeIgniter\View\{closure}()
 4 SYSTEMPATH\View\View.php(240): CodeIgniter\View\View->render('layout_clear', [], true)
 5 SYSTEMPATH\Common.php(1173): CodeIgniter\View\View->render('login', [], true)
 6 APPPATH\Controllers\AuthController.php(40): view('login')
 7 SYSTEMPATH\CodeIgniter.php(933): App\Controllers\AuthController->login()
 8 SYSTEMPATH\CodeIgniter.php(507): CodeIgniter\CodeIgniter->runController(Object(App\Controllers\AuthController))
 9 SYSTEMPATH\CodeIgniter.php(354): CodeIgniter\CodeIgniter->handleRequest(null, Object(Config\Cache), false)
10 SYSTEMPATH\Boot.php(334): CodeIgniter\CodeIgniter->run()
11 SYSTEMPATH\Boot.php(67): CodeIgniter\Boot::runCodeIgniter(Object(CodeIgniter\CodeIgniter))
12 FCPATH\index.php(59): CodeIgniter\Boot::bootWeb(Object(Config\Paths))
13 SYSTEMPATH\rewrite.php(44): require_once('C:\\xampp\\php\\codeigniter\\public\\index.php')
CRITICAL - 2025-06-24 08:05:23 --> ErrorException: Undefined variable $hlm
[Method: GET, Route: login]
in APPPATH\Views\layout_clear.php on line 7.
 1 APPPATH\Views\layout_clear.php(7): CodeIgniter\Debug\Exceptions->errorHandler(2, 'Undefined variable $hlm', 'C:\\xampp\\php\\codeigniter\\app\\Views\\layout_clear.php', 7)
 2 SYSTEMPATH\View\View.php(224): include('C:\\xampp\\php\\codeigniter\\app\\Views\\layout_clear.php')
 3 SYSTEMPATH\View\View.php(227): CodeIgniter\View\View->CodeIgniter\View\{closure}()
 4 SYSTEMPATH\View\View.php(240): CodeIgniter\View\View->render('layout_clear', [], true)
 5 SYSTEMPATH\Common.php(1173): CodeIgniter\View\View->render('login', [], true)
 6 APPPATH\Controllers\AuthController.php(40): view('login')
 7 SYSTEMPATH\CodeIgniter.php(933): App\Controllers\AuthController->login()
 8 SYSTEMPATH\CodeIgniter.php(507): CodeIgniter\CodeIgniter->runController(Object(App\Controllers\AuthController))
 9 SYSTEMPATH\CodeIgniter.php(354): CodeIgniter\CodeIgniter->handleRequest(null, Object(Config\Cache), false)
10 SYSTEMPATH\Boot.php(334): CodeIgniter\CodeIgniter->run()
11 SYSTEMPATH\Boot.php(67): CodeIgniter\Boot::runCodeIgniter(Object(CodeIgniter\CodeIgniter))
12 FCPATH\index.php(59): CodeIgniter\Boot::bootWeb(Object(Config\Paths))
13 SYSTEMPATH\rewrite.php(44): require_once('C:\\xampp\\php\\codeigniter\\public\\index.php')
CRITICAL - 2025-06-24 08:09:30 --> ErrorException: Undefined variable $hlm
[Method: GET, Route: login]
in APPPATH\Views\layout_clear.php on line 7.
 1 APPPATH\Views\layout_clear.php(7): CodeIgniter\Debug\Exceptions->errorHandler(2, 'Undefined variable $hlm', 'C:\\xampp\\php\\codeigniter\\app\\Views\\layout_clear.php', 7)
 2 SYSTEMPATH\View\View.php(224): include('C:\\xampp\\php\\codeigniter\\app\\Views\\layout_clear.php')
 3 SYSTEMPATH\View\View.php(227): CodeIgniter\View\View->CodeIgniter\View\{closure}()
 4 SYSTEMPATH\View\View.php(240): CodeIgniter\View\View->render('layout_clear', [], true)
 5 SYSTEMPATH\Common.php(1173): CodeIgniter\View\View->render('login', [], true)
 6 APPPATH\Controllers\AuthController.php(40): view('login')
 7 SYSTEMPATH\CodeIgniter.php(933): App\Controllers\AuthController->login()
 8 SYSTEMPATH\CodeIgniter.php(507): CodeIgniter\CodeIgniter->runController(Object(App\Controllers\AuthController))
 9 SYSTEMPATH\CodeIgniter.php(354): CodeIgniter\CodeIgniter->handleRequest(null, Object(Config\Cache), false)
10 SYSTEMPATH\Boot.php(334): CodeIgniter\CodeIgniter->run()
11 SYSTEMPATH\Boot.php(67): CodeIgniter\Boot::runCodeIgniter(Object(CodeIgniter\CodeIgniter))
12 FCPATH\index.php(59): CodeIgniter\Boot::bootWeb(Object(Config\Paths))
13 SYSTEMPATH\rewrite.php(44): require_once('C:\\xampp\\php\\codeigniter\\public\\index.php')
CRITICAL - 2025-06-24 08:13:39 --> ErrorException: Undefined variable $hlm
[Method: GET, Route: login]
in APPPATH\Views\layout_clear.php on line 7.
 1 APPPATH\Views\layout_clear.php(7): CodeIgniter\Debug\Exceptions->errorHandler(2, 'Undefined variable $hlm', 'C:\\xampp\\php\\codeigniter\\app\\Views\\layout_clear.php', 7)
 2 SYSTEMPATH\View\View.php(224): include('C:\\xampp\\php\\codeigniter\\app\\Views\\layout_clear.php')
 3 SYSTEMPATH\View\View.php(227): CodeIgniter\View\View->CodeIgniter\View\{closure}()
 4 SYSTEMPATH\View\View.php(240): CodeIgniter\View\View->render('layout_clear', [], true)
 5 SYSTEMPATH\Common.php(1173): CodeIgniter\View\View->render('v_login', [], true)
 6 APPPATH\Controllers\AuthController.php(40): view('v_login')
 7 SYSTEMPATH\CodeIgniter.php(933): App\Controllers\AuthController->login()
 8 SYSTEMPATH\CodeIgniter.php(507): CodeIgniter\CodeIgniter->runController(Object(App\Controllers\AuthController))
 9 SYSTEMPATH\CodeIgniter.php(354): CodeIgniter\CodeIgniter->handleRequest(null, Object(Config\Cache), false)
10 SYSTEMPATH\Boot.php(334): CodeIgniter\CodeIgniter->run()
11 SYSTEMPATH\Boot.php(67): CodeIgniter\Boot::runCodeIgniter(Object(CodeIgniter\CodeIgniter))
12 FCPATH\index.php(59): CodeIgniter\Boot::bootWeb(Object(Config\Paths))
13 SYSTEMPATH\rewrite.php(44): require_once('C:\\xampp\\php\\codeigniter\\public\\index.php')
CRITICAL - 2025-06-24 08:17:33 --> ErrorException: Undefined variable $hlm
[Method: GET, Route: login]
in APPPATH\Views\layout_clear.php on line 7.
 1 APPPATH\Views\layout_clear.php(7): CodeIgniter\Debug\Exceptions->errorHandler(2, 'Undefined variable $hlm', 'C:\\xampp\\php\\codeigniter\\app\\Views\\layout_clear.php', 7)
 2 SYSTEMPATH\View\View.php(224): include('C:\\xampp\\php\\codeigniter\\app\\Views\\layout_clear.php')
 3 SYSTEMPATH\View\View.php(227): CodeIgniter\View\View->CodeIgniter\View\{closure}()
 4 SYSTEMPATH\View\View.php(240): CodeIgniter\View\View->render('layout_clear', [], true)
 5 SYSTEMPATH\Common.php(1173): CodeIgniter\View\View->render('login', [], true)
 6 APPPATH\Controllers\AuthController.php(40): view('login')
 7 SYSTEMPATH\CodeIgniter.php(933): App\Controllers\AuthController->login()
 8 SYSTEMPATH\CodeIgniter.php(507): CodeIgniter\CodeIgniter->runController(Object(App\Controllers\AuthController))
 9 SYSTEMPATH\CodeIgniter.php(354): CodeIgniter\CodeIgniter->handleRequest(null, Object(Config\Cache), false)
10 SYSTEMPATH\Boot.php(334): CodeIgniter\CodeIgniter->run()
11 SYSTEMPATH\Boot.php(67): CodeIgniter\Boot::runCodeIgniter(Object(CodeIgniter\CodeIgniter))
12 FCPATH\index.php(59): CodeIgniter\Boot::bootWeb(Object(Config\Paths))
13 SYSTEMPATH\rewrite.php(44): require_once('C:\\xampp\\php\\codeigniter\\public\\index.php')
CRITICAL - 2025-06-24 08:17:36 --> ErrorException: Undefined variable $hlm
[Method: GET, Route: login]
in APPPATH\Views\layout_clear.php on line 7.
 1 APPPATH\Views\layout_clear.php(7): CodeIgniter\Debug\Exceptions->errorHandler(2, 'Undefined variable $hlm', 'C:\\xampp\\php\\codeigniter\\app\\Views\\layout_clear.php', 7)
 2 SYSTEMPATH\View\View.php(224): include('C:\\xampp\\php\\codeigniter\\app\\Views\\layout_clear.php')
 3 SYSTEMPATH\View\View.php(227): CodeIgniter\View\View->CodeIgniter\View\{closure}()
 4 SYSTEMPATH\View\View.php(240): CodeIgniter\View\View->render('layout_clear', [], true)
 5 SYSTEMPATH\Common.php(1173): CodeIgniter\View\View->render('login', [], true)
 6 APPPATH\Controllers\AuthController.php(40): view('login')
 7 SYSTEMPATH\CodeIgniter.php(933): App\Controllers\AuthController->login()
 8 SYSTEMPATH\CodeIgniter.php(507): CodeIgniter\CodeIgniter->runController(Object(App\Controllers\AuthController))
 9 SYSTEMPATH\CodeIgniter.php(354): CodeIgniter\CodeIgniter->handleRequest(null, Object(Config\Cache), false)
10 SYSTEMPATH\Boot.php(334): CodeIgniter\CodeIgniter->run()
11 SYSTEMPATH\Boot.php(67): CodeIgniter\Boot::runCodeIgniter(Object(CodeIgniter\CodeIgniter))
12 FCPATH\index.php(59): CodeIgniter\Boot::bootWeb(Object(Config\Paths))
13 SYSTEMPATH\rewrite.php(44): require_once('C:\\xampp\\php\\codeigniter\\public\\index.php')
CRITICAL - 2025-06-24 08:17:36 --> ErrorException: Undefined variable $hlm
[Method: GET, Route: login]
in APPPATH\Views\layout_clear.php on line 7.
 1 APPPATH\Views\layout_clear.php(7): CodeIgniter\Debug\Exceptions->errorHandler(2, 'Undefined variable $hlm', 'C:\\xampp\\php\\codeigniter\\app\\Views\\layout_clear.php', 7)
 2 SYSTEMPATH\View\View.php(224): include('C:\\xampp\\php\\codeigniter\\app\\Views\\layout_clear.php')
 3 SYSTEMPATH\View\View.php(227): CodeIgniter\View\View->CodeIgniter\View\{closure}()
 4 SYSTEMPATH\View\View.php(240): CodeIgniter\View\View->render('layout_clear', [], true)
 5 SYSTEMPATH\Common.php(1173): CodeIgniter\View\View->render('login', [], true)
 6 APPPATH\Controllers\AuthController.php(40): view('login')
 7 SYSTEMPATH\CodeIgniter.php(933): App\Controllers\AuthController->login()
 8 SYSTEMPATH\CodeIgniter.php(507): CodeIgniter\CodeIgniter->runController(Object(App\Controllers\AuthController))
 9 SYSTEMPATH\CodeIgniter.php(354): CodeIgniter\CodeIgniter->handleRequest(null, Object(Config\Cache), false)
10 SYSTEMPATH\Boot.php(334): CodeIgniter\CodeIgniter->run()
11 SYSTEMPATH\Boot.php(67): CodeIgniter\Boot::runCodeIgniter(Object(CodeIgniter\CodeIgniter))
12 FCPATH\index.php(59): CodeIgniter\Boot::bootWeb(Object(Config\Paths))
13 SYSTEMPATH\rewrite.php(44): require_once('C:\\xampp\\php\\codeigniter\\public\\index.php')
CRITICAL - 2025-06-24 08:17:36 --> ErrorException: Undefined variable $hlm
[Method: GET, Route: login]
in APPPATH\Views\layout_clear.php on line 7.
 1 APPPATH\Views\layout_clear.php(7): CodeIgniter\Debug\Exceptions->errorHandler(2, 'Undefined variable $hlm', 'C:\\xampp\\php\\codeigniter\\app\\Views\\layout_clear.php', 7)
 2 SYSTEMPATH\View\View.php(224): include('C:\\xampp\\php\\codeigniter\\app\\Views\\layout_clear.php')
 3 SYSTEMPATH\View\View.php(227): CodeIgniter\View\View->CodeIgniter\View\{closure}()
 4 SYSTEMPATH\View\View.php(240): CodeIgniter\View\View->render('layout_clear', [], true)
 5 SYSTEMPATH\Common.php(1173): CodeIgniter\View\View->render('login', [], true)
 6 APPPATH\Controllers\AuthController.php(40): view('login')
 7 SYSTEMPATH\CodeIgniter.php(933): App\Controllers\AuthController->login()
 8 SYSTEMPATH\CodeIgniter.php(507): CodeIgniter\CodeIgniter->runController(Object(App\Controllers\AuthController))
 9 SYSTEMPATH\CodeIgniter.php(354): CodeIgniter\CodeIgniter->handleRequest(null, Object(Config\Cache), false)
10 SYSTEMPATH\Boot.php(334): CodeIgniter\CodeIgniter->run()
11 SYSTEMPATH\Boot.php(67): CodeIgniter\Boot::runCodeIgniter(Object(CodeIgniter\CodeIgniter))
12 FCPATH\index.php(59): CodeIgniter\Boot::bootWeb(Object(Config\Paths))
13 SYSTEMPATH\rewrite.php(44): require_once('C:\\xampp\\php\\codeigniter\\public\\index.php')
CRITICAL - 2025-06-24 08:19:31 --> ErrorException: Undefined variable $hlm
[Method: GET, Route: login]
in APPPATH\Views\layout_clear.php on line 7.
 1 APPPATH\Views\layout_clear.php(7): CodeIgniter\Debug\Exceptions->errorHandler(2, 'Undefined variable $hlm', 'C:\\xampp\\php\\codeigniter\\app\\Views\\layout_clear.php', 7)
 2 SYSTEMPATH\View\View.php(224): include('C:\\xampp\\php\\codeigniter\\app\\Views\\layout_clear.php')
 3 SYSTEMPATH\View\View.php(227): CodeIgniter\View\View->CodeIgniter\View\{closure}()
 4 SYSTEMPATH\View\View.php(240): CodeIgniter\View\View->render('layout_clear', [], true)
 5 SYSTEMPATH\Common.php(1173): CodeIgniter\View\View->render('login', [], true)
 6 APPPATH\Controllers\AuthController.php(40): view('login')
 7 SYSTEMPATH\CodeIgniter.php(933): App\Controllers\AuthController->login()
 8 SYSTEMPATH\CodeIgniter.php(507): CodeIgniter\CodeIgniter->runController(Object(App\Controllers\AuthController))
 9 SYSTEMPATH\CodeIgniter.php(354): CodeIgniter\CodeIgniter->handleRequest(null, Object(Config\Cache), false)
10 SYSTEMPATH\Boot.php(334): CodeIgniter\CodeIgniter->run()
11 SYSTEMPATH\Boot.php(67): CodeIgniter\Boot::runCodeIgniter(Object(CodeIgniter\CodeIgniter))
12 FCPATH\index.php(59): CodeIgniter\Boot::bootWeb(Object(Config\Paths))
13 SYSTEMPATH\rewrite.php(44): require_once('C:\\xampp\\php\\codeigniter\\public\\index.php')
CRITICAL - 2025-06-24 08:19:51 --> ErrorException: Undefined variable $hlm
[Method: GET, Route: login]
in APPPATH\Views\layout_clear.php on line 7.
 1 APPPATH\Views\layout_clear.php(7): CodeIgniter\Debug\Exceptions->errorHandler(2, 'Undefined variable $hlm', 'C:\\xampp\\php\\codeigniter\\app\\Views\\layout_clear.php', 7)
 2 SYSTEMPATH\View\View.php(224): include('C:\\xampp\\php\\codeigniter\\app\\Views\\layout_clear.php')
 3 SYSTEMPATH\View\View.php(227): CodeIgniter\View\View->CodeIgniter\View\{closure}()
 4 SYSTEMPATH\View\View.php(240): CodeIgniter\View\View->render('layout_clear', [], true)
 5 SYSTEMPATH\Common.php(1173): CodeIgniter\View\View->render('login', [], true)
 6 APPPATH\Controllers\AuthController.php(40): view('login')
 7 SYSTEMPATH\CodeIgniter.php(933): App\Controllers\AuthController->login()
 8 SYSTEMPATH\CodeIgniter.php(507): CodeIgniter\CodeIgniter->runController(Object(App\Controllers\AuthController))
 9 SYSTEMPATH\CodeIgniter.php(354): CodeIgniter\CodeIgniter->handleRequest(null, Object(Config\Cache), false)
10 SYSTEMPATH\Boot.php(334): CodeIgniter\CodeIgniter->run()
11 SYSTEMPATH\Boot.php(67): CodeIgniter\Boot::runCodeIgniter(Object(CodeIgniter\CodeIgniter))
12 FCPATH\index.php(59): CodeIgniter\Boot::bootWeb(Object(Config\Paths))
13 SYSTEMPATH\rewrite.php(44): require_once('C:\\xampp\\php\\codeigniter\\public\\index.php')
CRITICAL - 2025-06-24 08:19:56 --> ErrorException: Undefined variable $hlm
[Method: GET, Route: login]
in APPPATH\Views\layout_clear.php on line 7.
 1 APPPATH\Views\layout_clear.php(7): CodeIgniter\Debug\Exceptions->errorHandler(2, 'Undefined variable $hlm', 'C:\\xampp\\php\\codeigniter\\app\\Views\\layout_clear.php', 7)
 2 SYSTEMPATH\View\View.php(224): include('C:\\xampp\\php\\codeigniter\\app\\Views\\layout_clear.php')
 3 SYSTEMPATH\View\View.php(227): CodeIgniter\View\View->CodeIgniter\View\{closure}()
 4 SYSTEMPATH\View\View.php(240): CodeIgniter\View\View->render('layout_clear', [], true)
 5 SYSTEMPATH\Common.php(1173): CodeIgniter\View\View->render('login', [], true)
 6 APPPATH\Controllers\AuthController.php(40): view('login')
 7 SYSTEMPATH\CodeIgniter.php(933): App\Controllers\AuthController->login()
 8 SYSTEMPATH\CodeIgniter.php(507): CodeIgniter\CodeIgniter->runController(Object(App\Controllers\AuthController))
 9 SYSTEMPATH\CodeIgniter.php(354): CodeIgniter\CodeIgniter->handleRequest(null, Object(Config\Cache), false)
10 SYSTEMPATH\Boot.php(334): CodeIgniter\CodeIgniter->run()
11 SYSTEMPATH\Boot.php(67): CodeIgniter\Boot::runCodeIgniter(Object(CodeIgniter\CodeIgniter))
12 FCPATH\index.php(59): CodeIgniter\Boot::bootWeb(Object(Config\Paths))
13 SYSTEMPATH\rewrite.php(44): require_once('C:\\xampp\\php\\codeigniter\\public\\index.php')
CRITICAL - 2025-06-24 08:19:56 --> ErrorException: Undefined variable $hlm
[Method: GET, Route: login]
in APPPATH\Views\layout_clear.php on line 7.
 1 APPPATH\Views\layout_clear.php(7): CodeIgniter\Debug\Exceptions->errorHandler(2, 'Undefined variable $hlm', 'C:\\xampp\\php\\codeigniter\\app\\Views\\layout_clear.php', 7)
 2 SYSTEMPATH\View\View.php(224): include('C:\\xampp\\php\\codeigniter\\app\\Views\\layout_clear.php')
 3 SYSTEMPATH\View\View.php(227): CodeIgniter\View\View->CodeIgniter\View\{closure}()
 4 SYSTEMPATH\View\View.php(240): CodeIgniter\View\View->render('layout_clear', [], true)
 5 SYSTEMPATH\Common.php(1173): CodeIgniter\View\View->render('login', [], true)
 6 APPPATH\Controllers\AuthController.php(40): view('login')
 7 SYSTEMPATH\CodeIgniter.php(933): App\Controllers\AuthController->login()
 8 SYSTEMPATH\CodeIgniter.php(507): CodeIgniter\CodeIgniter->runController(Object(App\Controllers\AuthController))
 9 SYSTEMPATH\CodeIgniter.php(354): CodeIgniter\CodeIgniter->handleRequest(null, Object(Config\Cache), false)
10 SYSTEMPATH\Boot.php(334): CodeIgniter\CodeIgniter->run()
11 SYSTEMPATH\Boot.php(67): CodeIgniter\Boot::runCodeIgniter(Object(CodeIgniter\CodeIgniter))
12 FCPATH\index.php(59): CodeIgniter\Boot::bootWeb(Object(Config\Paths))
13 SYSTEMPATH\rewrite.php(44): require_once('C:\\xampp\\php\\codeigniter\\public\\index.php')
CRITICAL - 2025-06-24 08:19:56 --> ErrorException: Undefined variable $hlm
[Method: GET, Route: login]
in APPPATH\Views\layout_clear.php on line 7.
 1 APPPATH\Views\layout_clear.php(7): CodeIgniter\Debug\Exceptions->errorHandler(2, 'Undefined variable $hlm', 'C:\\xampp\\php\\codeigniter\\app\\Views\\layout_clear.php', 7)
 2 SYSTEMPATH\View\View.php(224): include('C:\\xampp\\php\\codeigniter\\app\\Views\\layout_clear.php')
 3 SYSTEMPATH\View\View.php(227): CodeIgniter\View\View->CodeIgniter\View\{closure}()
 4 SYSTEMPATH\View\View.php(240): CodeIgniter\View\View->render('layout_clear', [], true)
 5 SYSTEMPATH\Common.php(1173): CodeIgniter\View\View->render('login', [], true)
 6 APPPATH\Controllers\AuthController.php(40): view('login')
 7 SYSTEMPATH\CodeIgniter.php(933): App\Controllers\AuthController->login()
 8 SYSTEMPATH\CodeIgniter.php(507): CodeIgniter\CodeIgniter->runController(Object(App\Controllers\AuthController))
 9 SYSTEMPATH\CodeIgniter.php(354): CodeIgniter\CodeIgniter->handleRequest(null, Object(Config\Cache), false)
10 SYSTEMPATH\Boot.php(334): CodeIgniter\CodeIgniter->run()
11 SYSTEMPATH\Boot.php(67): CodeIgniter\Boot::runCodeIgniter(Object(CodeIgniter\CodeIgniter))
12 FCPATH\index.php(59): CodeIgniter\Boot::bootWeb(Object(Config\Paths))
13 SYSTEMPATH\rewrite.php(44): require_once('C:\\xampp\\php\\codeigniter\\public\\index.php')
CRITICAL - 2025-06-24 08:19:56 --> ErrorException: Undefined variable $hlm
[Method: GET, Route: login]
in APPPATH\Views\layout_clear.php on line 7.
 1 APPPATH\Views\layout_clear.php(7): CodeIgniter\Debug\Exceptions->errorHandler(2, 'Undefined variable $hlm', 'C:\\xampp\\php\\codeigniter\\app\\Views\\layout_clear.php', 7)
 2 SYSTEMPATH\View\View.php(224): include('C:\\xampp\\php\\codeigniter\\app\\Views\\layout_clear.php')
 3 SYSTEMPATH\View\View.php(227): CodeIgniter\View\View->CodeIgniter\View\{closure}()
 4 SYSTEMPATH\View\View.php(240): CodeIgniter\View\View->render('layout_clear', [], true)
 5 SYSTEMPATH\Common.php(1173): CodeIgniter\View\View->render('login', [], true)
 6 APPPATH\Controllers\AuthController.php(40): view('login')
 7 SYSTEMPATH\CodeIgniter.php(933): App\Controllers\AuthController->login()
 8 SYSTEMPATH\CodeIgniter.php(507): CodeIgniter\CodeIgniter->runController(Object(App\Controllers\AuthController))
 9 SYSTEMPATH\CodeIgniter.php(354): CodeIgniter\CodeIgniter->handleRequest(null, Object(Config\Cache), false)
10 SYSTEMPATH\Boot.php(334): CodeIgniter\CodeIgniter->run()
11 SYSTEMPATH\Boot.php(67): CodeIgniter\Boot::runCodeIgniter(Object(CodeIgniter\CodeIgniter))
12 FCPATH\index.php(59): CodeIgniter\Boot::bootWeb(Object(Config\Paths))
13 SYSTEMPATH\rewrite.php(44): require_once('C:\\xampp\\php\\codeigniter\\public\\index.php')
CRITICAL - 2025-06-24 08:27:34 --> ErrorException: Undefined variable $hlm
[Method: GET, Route: login]
in APPPATH\Views\layout_clear.php on line 7.
 1 APPPATH\Views\layout_clear.php(7): CodeIgniter\Debug\Exceptions->errorHandler(2, 'Undefined variable $hlm', 'C:\\xampp\\php\\codeigniter\\app\\Views\\layout_clear.php', 7)
 2 SYSTEMPATH\View\View.php(224): include('C:\\xampp\\php\\codeigniter\\app\\Views\\layout_clear.php')
 3 SYSTEMPATH\View\View.php(227): CodeIgniter\View\View->CodeIgniter\View\{closure}()
 4 SYSTEMPATH\View\View.php(240): CodeIgniter\View\View->render('layout_clear', [], true)
 5 SYSTEMPATH\Common.php(1173): CodeIgniter\View\View->render('login', [], true)
 6 APPPATH\Controllers\AuthController.php(40): view('login')
 7 SYSTEMPATH\CodeIgniter.php(933): App\Controllers\AuthController->login()
 8 SYSTEMPATH\CodeIgniter.php(507): CodeIgniter\CodeIgniter->runController(Object(App\Controllers\AuthController))
 9 SYSTEMPATH\CodeIgniter.php(354): CodeIgniter\CodeIgniter->handleRequest(null, Object(Config\Cache), false)
10 SYSTEMPATH\Boot.php(334): CodeIgniter\CodeIgniter->run()
11 SYSTEMPATH\Boot.php(67): CodeIgniter\Boot::runCodeIgniter(Object(CodeIgniter\CodeIgniter))
12 FCPATH\index.php(59): CodeIgniter\Boot::bootWeb(Object(Config\Paths))
13 SYSTEMPATH\rewrite.php(44): require_once('C:\\xampp\\php\\codeigniter\\public\\index.php')
CRITICAL - 2025-06-24 08:27:35 --> ErrorException: Undefined variable $hlm
[Method: GET, Route: login]
in APPPATH\Views\layout_clear.php on line 7.
 1 APPPATH\Views\layout_clear.php(7): CodeIgniter\Debug\Exceptions->errorHandler(2, 'Undefined variable $hlm', 'C:\\xampp\\php\\codeigniter\\app\\Views\\layout_clear.php', 7)
 2 SYSTEMPATH\View\View.php(224): include('C:\\xampp\\php\\codeigniter\\app\\Views\\layout_clear.php')
 3 SYSTEMPATH\View\View.php(227): CodeIgniter\View\View->CodeIgniter\View\{closure}()
 4 SYSTEMPATH\View\View.php(240): CodeIgniter\View\View->render('layout_clear', [], true)
 5 SYSTEMPATH\Common.php(1173): CodeIgniter\View\View->render('login', [], true)
 6 APPPATH\Controllers\AuthController.php(40): view('login')
 7 SYSTEMPATH\CodeIgniter.php(933): App\Controllers\AuthController->login()
 8 SYSTEMPATH\CodeIgniter.php(507): CodeIgniter\CodeIgniter->runController(Object(App\Controllers\AuthController))
 9 SYSTEMPATH\CodeIgniter.php(354): CodeIgniter\CodeIgniter->handleRequest(null, Object(Config\Cache), false)
10 SYSTEMPATH\Boot.php(334): CodeIgniter\CodeIgniter->run()
11 SYSTEMPATH\Boot.php(67): CodeIgniter\Boot::runCodeIgniter(Object(CodeIgniter\CodeIgniter))
12 FCPATH\index.php(59): CodeIgniter\Boot::bootWeb(Object(Config\Paths))
13 SYSTEMPATH\rewrite.php(44): require_once('C:\\xampp\\php\\codeigniter\\public\\index.php')
CRITICAL - 2025-06-24 08:27:35 --> ErrorException: Undefined variable $hlm
[Method: GET, Route: login]
in APPPATH\Views\layout_clear.php on line 7.
 1 APPPATH\Views\layout_clear.php(7): CodeIgniter\Debug\Exceptions->errorHandler(2, 'Undefined variable $hlm', 'C:\\xampp\\php\\codeigniter\\app\\Views\\layout_clear.php', 7)
 2 SYSTEMPATH\View\View.php(224): include('C:\\xampp\\php\\codeigniter\\app\\Views\\layout_clear.php')
 3 SYSTEMPATH\View\View.php(227): CodeIgniter\View\View->CodeIgniter\View\{closure}()
 4 SYSTEMPATH\View\View.php(240): CodeIgniter\View\View->render('layout_clear', [], true)
 5 SYSTEMPATH\Common.php(1173): CodeIgniter\View\View->render('login', [], true)
 6 APPPATH\Controllers\AuthController.php(40): view('login')
 7 SYSTEMPATH\CodeIgniter.php(933): App\Controllers\AuthController->login()
 8 SYSTEMPATH\CodeIgniter.php(507): CodeIgniter\CodeIgniter->runController(Object(App\Controllers\AuthController))
 9 SYSTEMPATH\CodeIgniter.php(354): CodeIgniter\CodeIgniter->handleRequest(null, Object(Config\Cache), false)
10 SYSTEMPATH\Boot.php(334): CodeIgniter\CodeIgniter->run()
11 SYSTEMPATH\Boot.php(67): CodeIgniter\Boot::runCodeIgniter(Object(CodeIgniter\CodeIgniter))
12 FCPATH\index.php(59): CodeIgniter\Boot::bootWeb(Object(Config\Paths))
13 SYSTEMPATH\rewrite.php(44): require_once('C:\\xampp\\php\\codeigniter\\public\\index.php')
CRITICAL - 2025-06-24 08:27:35 --> ErrorException: Undefined variable $hlm
[Method: GET, Route: login]
in APPPATH\Views\layout_clear.php on line 7.
 1 APPPATH\Views\layout_clear.php(7): CodeIgniter\Debug\Exceptions->errorHandler(2, 'Undefined variable $hlm', 'C:\\xampp\\php\\codeigniter\\app\\Views\\layout_clear.php', 7)
 2 SYSTEMPATH\View\View.php(224): include('C:\\xampp\\php\\codeigniter\\app\\Views\\layout_clear.php')
 3 SYSTEMPATH\View\View.php(227): CodeIgniter\View\View->CodeIgniter\View\{closure}()
 4 SYSTEMPATH\View\View.php(240): CodeIgniter\View\View->render('layout_clear', [], true)
 5 SYSTEMPATH\Common.php(1173): CodeIgniter\View\View->render('login', [], true)
 6 APPPATH\Controllers\AuthController.php(40): view('login')
 7 SYSTEMPATH\CodeIgniter.php(933): App\Controllers\AuthController->login()
 8 SYSTEMPATH\CodeIgniter.php(507): CodeIgniter\CodeIgniter->runController(Object(App\Controllers\AuthController))
 9 SYSTEMPATH\CodeIgniter.php(354): CodeIgniter\CodeIgniter->handleRequest(null, Object(Config\Cache), false)
10 SYSTEMPATH\Boot.php(334): CodeIgniter\CodeIgniter->run()
11 SYSTEMPATH\Boot.php(67): CodeIgniter\Boot::runCodeIgniter(Object(CodeIgniter\CodeIgniter))
12 FCPATH\index.php(59): CodeIgniter\Boot::bootWeb(Object(Config\Paths))
13 SYSTEMPATH\rewrite.php(44): require_once('C:\\xampp\\php\\codeigniter\\public\\index.php')
CRITICAL - 2025-06-24 08:27:35 --> ErrorException: Undefined variable $hlm
[Method: GET, Route: login]
in APPPATH\Views\layout_clear.php on line 7.
 1 APPPATH\Views\layout_clear.php(7): CodeIgniter\Debug\Exceptions->errorHandler(2, 'Undefined variable $hlm', 'C:\\xampp\\php\\codeigniter\\app\\Views\\layout_clear.php', 7)
 2 SYSTEMPATH\View\View.php(224): include('C:\\xampp\\php\\codeigniter\\app\\Views\\layout_clear.php')
 3 SYSTEMPATH\View\View.php(227): CodeIgniter\View\View->CodeIgniter\View\{closure}()
 4 SYSTEMPATH\View\View.php(240): CodeIgniter\View\View->render('layout_clear', [], true)
 5 SYSTEMPATH\Common.php(1173): CodeIgniter\View\View->render('login', [], true)
 6 APPPATH\Controllers\AuthController.php(40): view('login')
 7 SYSTEMPATH\CodeIgniter.php(933): App\Controllers\AuthController->login()
 8 SYSTEMPATH\CodeIgniter.php(507): CodeIgniter\CodeIgniter->runController(Object(App\Controllers\AuthController))
 9 SYSTEMPATH\CodeIgniter.php(354): CodeIgniter\CodeIgniter->handleRequest(null, Object(Config\Cache), false)
10 SYSTEMPATH\Boot.php(334): CodeIgniter\CodeIgniter->run()
11 SYSTEMPATH\Boot.php(67): CodeIgniter\Boot::runCodeIgniter(Object(CodeIgniter\CodeIgniter))
12 FCPATH\index.php(59): CodeIgniter\Boot::bootWeb(Object(Config\Paths))
13 SYSTEMPATH\rewrite.php(44): require_once('C:\\xampp\\php\\codeigniter\\public\\index.php')
CRITICAL - 2025-06-24 08:27:35 --> ErrorException: Undefined variable $hlm
[Method: GET, Route: login]
in APPPATH\Views\layout_clear.php on line 7.
 1 APPPATH\Views\layout_clear.php(7): CodeIgniter\Debug\Exceptions->errorHandler(2, 'Undefined variable $hlm', 'C:\\xampp\\php\\codeigniter\\app\\Views\\layout_clear.php', 7)
 2 SYSTEMPATH\View\View.php(224): include('C:\\xampp\\php\\codeigniter\\app\\Views\\layout_clear.php')
 3 SYSTEMPATH\View\View.php(227): CodeIgniter\View\View->CodeIgniter\View\{closure}()
 4 SYSTEMPATH\View\View.php(240): CodeIgniter\View\View->render('layout_clear', [], true)
 5 SYSTEMPATH\Common.php(1173): CodeIgniter\View\View->render('login', [], true)
 6 APPPATH\Controllers\AuthController.php(40): view('login')
 7 SYSTEMPATH\CodeIgniter.php(933): App\Controllers\AuthController->login()
 8 SYSTEMPATH\CodeIgniter.php(507): CodeIgniter\CodeIgniter->runController(Object(App\Controllers\AuthController))
 9 SYSTEMPATH\CodeIgniter.php(354): CodeIgniter\CodeIgniter->handleRequest(null, Object(Config\Cache), false)
10 SYSTEMPATH\Boot.php(334): CodeIgniter\CodeIgniter->run()
11 SYSTEMPATH\Boot.php(67): CodeIgniter\Boot::runCodeIgniter(Object(CodeIgniter\CodeIgniter))
12 FCPATH\index.php(59): CodeIgniter\Boot::bootWeb(Object(Config\Paths))
13 SYSTEMPATH\rewrite.php(44): require_once('C:\\xampp\\php\\codeigniter\\public\\index.php')
CRITICAL - 2025-06-24 08:29:40 --> ErrorException: Undefined variable $hlm
[Method: GET, Route: login]
in APPPATH\Views\layout_clear.php on line 7.
 1 APPPATH\Views\layout_clear.php(7): CodeIgniter\Debug\Exceptions->errorHandler(2, 'Undefined variable $hlm', 'C:\\xampp\\php\\codeigniter\\app\\Views\\layout_clear.php', 7)
 2 SYSTEMPATH\View\View.php(224): include('C:\\xampp\\php\\codeigniter\\app\\Views\\layout_clear.php')
 3 SYSTEMPATH\View\View.php(227): CodeIgniter\View\View->CodeIgniter\View\{closure}()
 4 SYSTEMPATH\View\View.php(240): CodeIgniter\View\View->render('layout_clear', [], true)
 5 SYSTEMPATH\Common.php(1173): CodeIgniter\View\View->render('login', [], true)
 6 APPPATH\Controllers\AuthController.php(40): view('login')
 7 SYSTEMPATH\CodeIgniter.php(933): App\Controllers\AuthController->login()
 8 SYSTEMPATH\CodeIgniter.php(507): CodeIgniter\CodeIgniter->runController(Object(App\Controllers\AuthController))
 9 SYSTEMPATH\CodeIgniter.php(354): CodeIgniter\CodeIgniter->handleRequest(null, Object(Config\Cache), false)
10 SYSTEMPATH\Boot.php(334): CodeIgniter\CodeIgniter->run()
11 SYSTEMPATH\Boot.php(67): CodeIgniter\Boot::runCodeIgniter(Object(CodeIgniter\CodeIgniter))
12 FCPATH\index.php(59): CodeIgniter\Boot::bootWeb(Object(Config\Paths))
13 SYSTEMPATH\rewrite.php(44): require_once('C:\\xampp\\php\\codeigniter\\public\\index.php')
CRITICAL - 2025-06-24 08:29:40 --> ErrorException: Undefined variable $hlm
[Method: GET, Route: login]
in APPPATH\Views\layout_clear.php on line 7.
 1 APPPATH\Views\layout_clear.php(7): CodeIgniter\Debug\Exceptions->errorHandler(2, 'Undefined variable $hlm', 'C:\\xampp\\php\\codeigniter\\app\\Views\\layout_clear.php', 7)
 2 SYSTEMPATH\View\View.php(224): include('C:\\xampp\\php\\codeigniter\\app\\Views\\layout_clear.php')
 3 SYSTEMPATH\View\View.php(227): CodeIgniter\View\View->CodeIgniter\View\{closure}()
 4 SYSTEMPATH\View\View.php(240): CodeIgniter\View\View->render('layout_clear', [], true)
 5 SYSTEMPATH\Common.php(1173): CodeIgniter\View\View->render('login', [], true)
 6 APPPATH\Controllers\AuthController.php(40): view('login')
 7 SYSTEMPATH\CodeIgniter.php(933): App\Controllers\AuthController->login()
 8 SYSTEMPATH\CodeIgniter.php(507): CodeIgniter\CodeIgniter->runController(Object(App\Controllers\AuthController))
 9 SYSTEMPATH\CodeIgniter.php(354): CodeIgniter\CodeIgniter->handleRequest(null, Object(Config\Cache), false)
10 SYSTEMPATH\Boot.php(334): CodeIgniter\CodeIgniter->run()
11 SYSTEMPATH\Boot.php(67): CodeIgniter\Boot::runCodeIgniter(Object(CodeIgniter\CodeIgniter))
12 FCPATH\index.php(59): CodeIgniter\Boot::bootWeb(Object(Config\Paths))
13 SYSTEMPATH\rewrite.php(44): require_once('C:\\xampp\\php\\codeigniter\\public\\index.php')
CRITICAL - 2025-06-24 08:29:41 --> ErrorException: Undefined variable $hlm
[Method: GET, Route: login]
in APPPATH\Views\layout_clear.php on line 7.
 1 APPPATH\Views\layout_clear.php(7): CodeIgniter\Debug\Exceptions->errorHandler(2, 'Undefined variable $hlm', 'C:\\xampp\\php\\codeigniter\\app\\Views\\layout_clear.php', 7)
 2 SYSTEMPATH\View\View.php(224): include('C:\\xampp\\php\\codeigniter\\app\\Views\\layout_clear.php')
 3 SYSTEMPATH\View\View.php(227): CodeIgniter\View\View->CodeIgniter\View\{closure}()
 4 SYSTEMPATH\View\View.php(240): CodeIgniter\View\View->render('layout_clear', [], true)
 5 SYSTEMPATH\Common.php(1173): CodeIgniter\View\View->render('login', [], true)
 6 APPPATH\Controllers\AuthController.php(40): view('login')
 7 SYSTEMPATH\CodeIgniter.php(933): App\Controllers\AuthController->login()
 8 SYSTEMPATH\CodeIgniter.php(507): CodeIgniter\CodeIgniter->runController(Object(App\Controllers\AuthController))
 9 SYSTEMPATH\CodeIgniter.php(354): CodeIgniter\CodeIgniter->handleRequest(null, Object(Config\Cache), false)
10 SYSTEMPATH\Boot.php(334): CodeIgniter\CodeIgniter->run()
11 SYSTEMPATH\Boot.php(67): CodeIgniter\Boot::runCodeIgniter(Object(CodeIgniter\CodeIgniter))
12 FCPATH\index.php(59): CodeIgniter\Boot::bootWeb(Object(Config\Paths))
13 SYSTEMPATH\rewrite.php(44): require_once('C:\\xampp\\php\\codeigniter\\public\\index.php')
CRITICAL - 2025-06-24 08:29:41 --> ErrorException: Undefined variable $hlm
[Method: GET, Route: login]
in APPPATH\Views\layout_clear.php on line 7.
 1 APPPATH\Views\layout_clear.php(7): CodeIgniter\Debug\Exceptions->errorHandler(2, 'Undefined variable $hlm', 'C:\\xampp\\php\\codeigniter\\app\\Views\\layout_clear.php', 7)
 2 SYSTEMPATH\View\View.php(224): include('C:\\xampp\\php\\codeigniter\\app\\Views\\layout_clear.php')
 3 SYSTEMPATH\View\View.php(227): CodeIgniter\View\View->CodeIgniter\View\{closure}()
 4 SYSTEMPATH\View\View.php(240): CodeIgniter\View\View->render('layout_clear', [], true)
 5 SYSTEMPATH\Common.php(1173): CodeIgniter\View\View->render('login', [], true)
 6 APPPATH\Controllers\AuthController.php(40): view('login')
 7 SYSTEMPATH\CodeIgniter.php(933): App\Controllers\AuthController->login()
 8 SYSTEMPATH\CodeIgniter.php(507): CodeIgniter\CodeIgniter->runController(Object(App\Controllers\AuthController))
 9 SYSTEMPATH\CodeIgniter.php(354): CodeIgniter\CodeIgniter->handleRequest(null, Object(Config\Cache), false)
10 SYSTEMPATH\Boot.php(334): CodeIgniter\CodeIgniter->run()
11 SYSTEMPATH\Boot.php(67): CodeIgniter\Boot::runCodeIgniter(Object(CodeIgniter\CodeIgniter))
12 FCPATH\index.php(59): CodeIgniter\Boot::bootWeb(Object(Config\Paths))
13 SYSTEMPATH\rewrite.php(44): require_once('C:\\xampp\\php\\codeigniter\\public\\index.php')
CRITICAL - 2025-06-24 08:29:41 --> ErrorException: Undefined variable $hlm
[Method: GET, Route: login]
in APPPATH\Views\layout_clear.php on line 7.
 1 APPPATH\Views\layout_clear.php(7): CodeIgniter\Debug\Exceptions->errorHandler(2, 'Undefined variable $hlm', 'C:\\xampp\\php\\codeigniter\\app\\Views\\layout_clear.php', 7)
 2 SYSTEMPATH\View\View.php(224): include('C:\\xampp\\php\\codeigniter\\app\\Views\\layout_clear.php')
 3 SYSTEMPATH\View\View.php(227): CodeIgniter\View\View->CodeIgniter\View\{closure}()
 4 SYSTEMPATH\View\View.php(240): CodeIgniter\View\View->render('layout_clear', [], true)
 5 SYSTEMPATH\Common.php(1173): CodeIgniter\View\View->render('login', [], true)
 6 APPPATH\Controllers\AuthController.php(40): view('login')
 7 SYSTEMPATH\CodeIgniter.php(933): App\Controllers\AuthController->login()
 8 SYSTEMPATH\CodeIgniter.php(507): CodeIgniter\CodeIgniter->runController(Object(App\Controllers\AuthController))
 9 SYSTEMPATH\CodeIgniter.php(354): CodeIgniter\CodeIgniter->handleRequest(null, Object(Config\Cache), false)
10 SYSTEMPATH\Boot.php(334): CodeIgniter\CodeIgniter->run()
11 SYSTEMPATH\Boot.php(67): CodeIgniter\Boot::runCodeIgniter(Object(CodeIgniter\CodeIgniter))
12 FCPATH\index.php(59): CodeIgniter\Boot::bootWeb(Object(Config\Paths))
13 SYSTEMPATH\rewrite.php(44): require_once('C:\\xampp\\php\\codeigniter\\public\\index.php')
CRITICAL - 2025-06-24 08:29:41 --> ErrorException: Undefined variable $hlm
[Method: GET, Route: login]
in APPPATH\Views\layout_clear.php on line 7.
 1 APPPATH\Views\layout_clear.php(7): CodeIgniter\Debug\Exceptions->errorHandler(2, 'Undefined variable $hlm', 'C:\\xampp\\php\\codeigniter\\app\\Views\\layout_clear.php', 7)
 2 SYSTEMPATH\View\View.php(224): include('C:\\xampp\\php\\codeigniter\\app\\Views\\layout_clear.php')
 3 SYSTEMPATH\View\View.php(227): CodeIgniter\View\View->CodeIgniter\View\{closure}()
 4 SYSTEMPATH\View\View.php(240): CodeIgniter\View\View->render('layout_clear', [], true)
 5 SYSTEMPATH\Common.php(1173): CodeIgniter\View\View->render('login', [], true)
 6 APPPATH\Controllers\AuthController.php(40): view('login')
 7 SYSTEMPATH\CodeIgniter.php(933): App\Controllers\AuthController->login()
 8 SYSTEMPATH\CodeIgniter.php(507): CodeIgniter\CodeIgniter->runController(Object(App\Controllers\AuthController))
 9 SYSTEMPATH\CodeIgniter.php(354): CodeIgniter\CodeIgniter->handleRequest(null, Object(Config\Cache), false)
10 SYSTEMPATH\Boot.php(334): CodeIgniter\CodeIgniter->run()
11 SYSTEMPATH\Boot.php(67): CodeIgniter\Boot::runCodeIgniter(Object(CodeIgniter\CodeIgniter))
12 FCPATH\index.php(59): CodeIgniter\Boot::bootWeb(Object(Config\Paths))
13 SYSTEMPATH\rewrite.php(44): require_once('C:\\xampp\\php\\codeigniter\\public\\index.php')
CRITICAL - 2025-06-24 08:29:41 --> ErrorException: Undefined variable $hlm
[Method: GET, Route: login]
in APPPATH\Views\layout_clear.php on line 7.
 1 APPPATH\Views\layout_clear.php(7): CodeIgniter\Debug\Exceptions->errorHandler(2, 'Undefined variable $hlm', 'C:\\xampp\\php\\codeigniter\\app\\Views\\layout_clear.php', 7)
 2 SYSTEMPATH\View\View.php(224): include('C:\\xampp\\php\\codeigniter\\app\\Views\\layout_clear.php')
 3 SYSTEMPATH\View\View.php(227): CodeIgniter\View\View->CodeIgniter\View\{closure}()
 4 SYSTEMPATH\View\View.php(240): CodeIgniter\View\View->render('layout_clear', [], true)
 5 SYSTEMPATH\Common.php(1173): CodeIgniter\View\View->render('login', [], true)
 6 APPPATH\Controllers\AuthController.php(40): view('login')
 7 SYSTEMPATH\CodeIgniter.php(933): App\Controllers\AuthController->login()
 8 SYSTEMPATH\CodeIgniter.php(507): CodeIgniter\CodeIgniter->runController(Object(App\Controllers\AuthController))
 9 SYSTEMPATH\CodeIgniter.php(354): CodeIgniter\CodeIgniter->handleRequest(null, Object(Config\Cache), false)
10 SYSTEMPATH\Boot.php(334): CodeIgniter\CodeIgniter->run()
11 SYSTEMPATH\Boot.php(67): CodeIgniter\Boot::runCodeIgniter(Object(CodeIgniter\CodeIgniter))
12 FCPATH\index.php(59): CodeIgniter\Boot::bootWeb(Object(Config\Paths))
13 SYSTEMPATH\rewrite.php(44): require_once('C:\\xampp\\php\\codeigniter\\public\\index.php')
CRITICAL - 2025-06-24 08:31:33 --> ErrorException: Undefined variable $hlm
[Method: GET, Route: login]
in APPPATH\Views\layout_clear.php on line 7.
 1 APPPATH\Views\layout_clear.php(7): CodeIgniter\Debug\Exceptions->errorHandler(2, 'Undefined variable $hlm', 'C:\\xampp\\php\\codeigniter\\app\\Views\\layout_clear.php', 7)
 2 SYSTEMPATH\View\View.php(224): include('C:\\xampp\\php\\codeigniter\\app\\Views\\layout_clear.php')
 3 SYSTEMPATH\View\View.php(227): CodeIgniter\View\View->CodeIgniter\View\{closure}()
 4 SYSTEMPATH\View\View.php(240): CodeIgniter\View\View->render('layout_clear', [], true)
 5 SYSTEMPATH\Common.php(1173): CodeIgniter\View\View->render('login', [], true)
 6 APPPATH\Controllers\AuthController.php(40): view('login')
 7 SYSTEMPATH\CodeIgniter.php(933): App\Controllers\AuthController->login()
 8 SYSTEMPATH\CodeIgniter.php(507): CodeIgniter\CodeIgniter->runController(Object(App\Controllers\AuthController))
 9 SYSTEMPATH\CodeIgniter.php(354): CodeIgniter\CodeIgniter->handleRequest(null, Object(Config\Cache), false)
10 SYSTEMPATH\Boot.php(334): CodeIgniter\CodeIgniter->run()
11 SYSTEMPATH\Boot.php(67): CodeIgniter\Boot::runCodeIgniter(Object(CodeIgniter\CodeIgniter))
12 FCPATH\index.php(59): CodeIgniter\Boot::bootWeb(Object(Config\Paths))
13 SYSTEMPATH\rewrite.php(44): require_once('C:\\xampp\\php\\codeigniter\\public\\index.php')
CRITICAL - 2025-06-24 08:31:34 --> ErrorException: Undefined variable $hlm
[Method: GET, Route: login]
in APPPATH\Views\layout_clear.php on line 7.
 1 APPPATH\Views\layout_clear.php(7): CodeIgniter\Debug\Exceptions->errorHandler(2, 'Undefined variable $hlm', 'C:\\xampp\\php\\codeigniter\\app\\Views\\layout_clear.php', 7)
 2 SYSTEMPATH\View\View.php(224): include('C:\\xampp\\php\\codeigniter\\app\\Views\\layout_clear.php')
 3 SYSTEMPATH\View\View.php(227): CodeIgniter\View\View->CodeIgniter\View\{closure}()
 4 SYSTEMPATH\View\View.php(240): CodeIgniter\View\View->render('layout_clear', [], true)
 5 SYSTEMPATH\Common.php(1173): CodeIgniter\View\View->render('login', [], true)
 6 APPPATH\Controllers\AuthController.php(40): view('login')
 7 SYSTEMPATH\CodeIgniter.php(933): App\Controllers\AuthController->login()
 8 SYSTEMPATH\CodeIgniter.php(507): CodeIgniter\CodeIgniter->runController(Object(App\Controllers\AuthController))
 9 SYSTEMPATH\CodeIgniter.php(354): CodeIgniter\CodeIgniter->handleRequest(null, Object(Config\Cache), false)
10 SYSTEMPATH\Boot.php(334): CodeIgniter\CodeIgniter->run()
11 SYSTEMPATH\Boot.php(67): CodeIgniter\Boot::runCodeIgniter(Object(CodeIgniter\CodeIgniter))
12 FCPATH\index.php(59): CodeIgniter\Boot::bootWeb(Object(Config\Paths))
13 SYSTEMPATH\rewrite.php(44): require_once('C:\\xampp\\php\\codeigniter\\public\\index.php')
CRITICAL - 2025-06-24 08:31:43 --> ErrorException: Undefined variable $hlm
[Method: GET, Route: login]
in APPPATH\Views\layout_clear.php on line 7.
 1 APPPATH\Views\layout_clear.php(7): CodeIgniter\Debug\Exceptions->errorHandler(2, 'Undefined variable $hlm', 'C:\\xampp\\php\\codeigniter\\app\\Views\\layout_clear.php', 7)
 2 SYSTEMPATH\View\View.php(224): include('C:\\xampp\\php\\codeigniter\\app\\Views\\layout_clear.php')
 3 SYSTEMPATH\View\View.php(227): CodeIgniter\View\View->CodeIgniter\View\{closure}()
 4 SYSTEMPATH\View\View.php(240): CodeIgniter\View\View->render('layout_clear', [], true)
 5 SYSTEMPATH\Common.php(1173): CodeIgniter\View\View->render('login', [], true)
 6 APPPATH\Controllers\AuthController.php(40): view('login')
 7 SYSTEMPATH\CodeIgniter.php(933): App\Controllers\AuthController->login()
 8 SYSTEMPATH\CodeIgniter.php(507): CodeIgniter\CodeIgniter->runController(Object(App\Controllers\AuthController))
 9 SYSTEMPATH\CodeIgniter.php(354): CodeIgniter\CodeIgniter->handleRequest(null, Object(Config\Cache), false)
10 SYSTEMPATH\Boot.php(334): CodeIgniter\CodeIgniter->run()
11 SYSTEMPATH\Boot.php(67): CodeIgniter\Boot::runCodeIgniter(Object(CodeIgniter\CodeIgniter))
12 FCPATH\index.php(59): CodeIgniter\Boot::bootWeb(Object(Config\Paths))
13 SYSTEMPATH\rewrite.php(44): require_once('C:\\xampp\\php\\codeigniter\\public\\index.php')
CRITICAL - 2025-06-24 08:33:01 --> ErrorException: Undefined variable $hlm
[Method: GET, Route: login]
in APPPATH\Views\layout_clear.php on line 7.
 1 APPPATH\Views\layout_clear.php(7): CodeIgniter\Debug\Exceptions->errorHandler(2, 'Undefined variable $hlm', 'C:\\xampp\\php\\codeigniter\\app\\Views\\layout_clear.php', 7)
 2 SYSTEMPATH\View\View.php(224): include('C:\\xampp\\php\\codeigniter\\app\\Views\\layout_clear.php')
 3 SYSTEMPATH\View\View.php(227): CodeIgniter\View\View->CodeIgniter\View\{closure}()
 4 SYSTEMPATH\View\View.php(240): CodeIgniter\View\View->render('layout_clear', [], true)
 5 SYSTEMPATH\Common.php(1173): CodeIgniter\View\View->render('login', [], true)
 6 APPPATH\Controllers\AuthController.php(40): view('login')
 7 SYSTEMPATH\CodeIgniter.php(933): App\Controllers\AuthController->login()
 8 SYSTEMPATH\CodeIgniter.php(507): CodeIgniter\CodeIgniter->runController(Object(App\Controllers\AuthController))
 9 SYSTEMPATH\CodeIgniter.php(354): CodeIgniter\CodeIgniter->handleRequest(null, Object(Config\Cache), false)
10 SYSTEMPATH\Boot.php(334): CodeIgniter\CodeIgniter->run()
11 SYSTEMPATH\Boot.php(67): CodeIgniter\Boot::runCodeIgniter(Object(CodeIgniter\CodeIgniter))
12 FCPATH\index.php(59): CodeIgniter\Boot::bootWeb(Object(Config\Paths))
13 SYSTEMPATH\rewrite.php(44): require_once('C:\\xampp\\php\\codeigniter\\public\\index.php')
CRITICAL - 2025-06-24 08:35:25 --> ErrorException: Undefined variable $hlm
[Method: GET, Route: login]
in APPPATH\Views\layout_clear.php on line 7.
 1 APPPATH\Views\layout_clear.php(7): CodeIgniter\Debug\Exceptions->errorHandler(2, 'Undefined variable $hlm', 'C:\\xampp\\php\\codeigniter\\app\\Views\\layout_clear.php', 7)
 2 SYSTEMPATH\View\View.php(224): include('C:\\xampp\\php\\codeigniter\\app\\Views\\layout_clear.php')
 3 SYSTEMPATH\View\View.php(227): CodeIgniter\View\View->CodeIgniter\View\{closure}()
 4 SYSTEMPATH\View\View.php(240): CodeIgniter\View\View->render('layout_clear', [], true)
 5 SYSTEMPATH\Common.php(1173): CodeIgniter\View\View->render('login', [], true)
 6 APPPATH\Controllers\AuthController.php(40): view('login')
 7 SYSTEMPATH\CodeIgniter.php(933): App\Controllers\AuthController->login()
 8 SYSTEMPATH\CodeIgniter.php(507): CodeIgniter\CodeIgniter->runController(Object(App\Controllers\AuthController))
 9 SYSTEMPATH\CodeIgniter.php(354): CodeIgniter\CodeIgniter->handleRequest(null, Object(Config\Cache), false)
10 SYSTEMPATH\Boot.php(334): CodeIgniter\CodeIgniter->run()
11 SYSTEMPATH\Boot.php(67): CodeIgniter\Boot::runCodeIgniter(Object(CodeIgniter\CodeIgniter))
12 FCPATH\index.php(59): CodeIgniter\Boot::bootWeb(Object(Config\Paths))
13 SYSTEMPATH\rewrite.php(44): require_once('C:\\xampp\\php\\codeigniter\\public\\index.php')
CRITICAL - 2025-06-24 08:35:26 --> ErrorException: Undefined variable $hlm
[Method: GET, Route: login]
in APPPATH\Views\layout_clear.php on line 7.
 1 APPPATH\Views\layout_clear.php(7): CodeIgniter\Debug\Exceptions->errorHandler(2, 'Undefined variable $hlm', 'C:\\xampp\\php\\codeigniter\\app\\Views\\layout_clear.php', 7)
 2 SYSTEMPATH\View\View.php(224): include('C:\\xampp\\php\\codeigniter\\app\\Views\\layout_clear.php')
 3 SYSTEMPATH\View\View.php(227): CodeIgniter\View\View->CodeIgniter\View\{closure}()
 4 SYSTEMPATH\View\View.php(240): CodeIgniter\View\View->render('layout_clear', [], true)
 5 SYSTEMPATH\Common.php(1173): CodeIgniter\View\View->render('login', [], true)
 6 APPPATH\Controllers\AuthController.php(40): view('login')
 7 SYSTEMPATH\CodeIgniter.php(933): App\Controllers\AuthController->login()
 8 SYSTEMPATH\CodeIgniter.php(507): CodeIgniter\CodeIgniter->runController(Object(App\Controllers\AuthController))
 9 SYSTEMPATH\CodeIgniter.php(354): CodeIgniter\CodeIgniter->handleRequest(null, Object(Config\Cache), false)
10 SYSTEMPATH\Boot.php(334): CodeIgniter\CodeIgniter->run()
11 SYSTEMPATH\Boot.php(67): CodeIgniter\Boot::runCodeIgniter(Object(CodeIgniter\CodeIgniter))
12 FCPATH\index.php(59): CodeIgniter\Boot::bootWeb(Object(Config\Paths))
13 SYSTEMPATH\rewrite.php(44): require_once('C:\\xampp\\php\\codeigniter\\public\\index.php')
CRITICAL - 2025-06-24 08:35:26 --> ErrorException: Undefined variable $hlm
[Method: GET, Route: login]
in APPPATH\Views\layout_clear.php on line 7.
 1 APPPATH\Views\layout_clear.php(7): CodeIgniter\Debug\Exceptions->errorHandler(2, 'Undefined variable $hlm', 'C:\\xampp\\php\\codeigniter\\app\\Views\\layout_clear.php', 7)
 2 SYSTEMPATH\View\View.php(224): include('C:\\xampp\\php\\codeigniter\\app\\Views\\layout_clear.php')
 3 SYSTEMPATH\View\View.php(227): CodeIgniter\View\View->CodeIgniter\View\{closure}()
 4 SYSTEMPATH\View\View.php(240): CodeIgniter\View\View->render('layout_clear', [], true)
 5 SYSTEMPATH\Common.php(1173): CodeIgniter\View\View->render('login', [], true)
 6 APPPATH\Controllers\AuthController.php(40): view('login')
 7 SYSTEMPATH\CodeIgniter.php(933): App\Controllers\AuthController->login()
 8 SYSTEMPATH\CodeIgniter.php(507): CodeIgniter\CodeIgniter->runController(Object(App\Controllers\AuthController))
 9 SYSTEMPATH\CodeIgniter.php(354): CodeIgniter\CodeIgniter->handleRequest(null, Object(Config\Cache), false)
10 SYSTEMPATH\Boot.php(334): CodeIgniter\CodeIgniter->run()
11 SYSTEMPATH\Boot.php(67): CodeIgniter\Boot::runCodeIgniter(Object(CodeIgniter\CodeIgniter))
12 FCPATH\index.php(59): CodeIgniter\Boot::bootWeb(Object(Config\Paths))
13 SYSTEMPATH\rewrite.php(44): require_once('C:\\xampp\\php\\codeigniter\\public\\index.php')
CRITICAL - 2025-06-24 08:35:26 --> ErrorException: Undefined variable $hlm
[Method: GET, Route: login]
in APPPATH\Views\layout_clear.php on line 7.
 1 APPPATH\Views\layout_clear.php(7): CodeIgniter\Debug\Exceptions->errorHandler(2, 'Undefined variable $hlm', 'C:\\xampp\\php\\codeigniter\\app\\Views\\layout_clear.php', 7)
 2 SYSTEMPATH\View\View.php(224): include('C:\\xampp\\php\\codeigniter\\app\\Views\\layout_clear.php')
 3 SYSTEMPATH\View\View.php(227): CodeIgniter\View\View->CodeIgniter\View\{closure}()
 4 SYSTEMPATH\View\View.php(240): CodeIgniter\View\View->render('layout_clear', [], true)
 5 SYSTEMPATH\Common.php(1173): CodeIgniter\View\View->render('login', [], true)
 6 APPPATH\Controllers\AuthController.php(40): view('login')
 7 SYSTEMPATH\CodeIgniter.php(933): App\Controllers\AuthController->login()
 8 SYSTEMPATH\CodeIgniter.php(507): CodeIgniter\CodeIgniter->runController(Object(App\Controllers\AuthController))
 9 SYSTEMPATH\CodeIgniter.php(354): CodeIgniter\CodeIgniter->handleRequest(null, Object(Config\Cache), false)
10 SYSTEMPATH\Boot.php(334): CodeIgniter\CodeIgniter->run()
11 SYSTEMPATH\Boot.php(67): CodeIgniter\Boot::runCodeIgniter(Object(CodeIgniter\CodeIgniter))
12 FCPATH\index.php(59): CodeIgniter\Boot::bootWeb(Object(Config\Paths))
13 SYSTEMPATH\rewrite.php(44): require_once('C:\\xampp\\php\\codeigniter\\public\\index.php')
CRITICAL - 2025-06-24 08:35:26 --> ErrorException: Undefined variable $hlm
[Method: GET, Route: login]
in APPPATH\Views\layout_clear.php on line 7.
 1 APPPATH\Views\layout_clear.php(7): CodeIgniter\Debug\Exceptions->errorHandler(2, 'Undefined variable $hlm', 'C:\\xampp\\php\\codeigniter\\app\\Views\\layout_clear.php', 7)
 2 SYSTEMPATH\View\View.php(224): include('C:\\xampp\\php\\codeigniter\\app\\Views\\layout_clear.php')
 3 SYSTEMPATH\View\View.php(227): CodeIgniter\View\View->CodeIgniter\View\{closure}()
 4 SYSTEMPATH\View\View.php(240): CodeIgniter\View\View->render('layout_clear', [], true)
 5 SYSTEMPATH\Common.php(1173): CodeIgniter\View\View->render('login', [], true)
 6 APPPATH\Controllers\AuthController.php(40): view('login')
 7 SYSTEMPATH\CodeIgniter.php(933): App\Controllers\AuthController->login()
 8 SYSTEMPATH\CodeIgniter.php(507): CodeIgniter\CodeIgniter->runController(Object(App\Controllers\AuthController))
 9 SYSTEMPATH\CodeIgniter.php(354): CodeIgniter\CodeIgniter->handleRequest(null, Object(Config\Cache), false)
10 SYSTEMPATH\Boot.php(334): CodeIgniter\CodeIgniter->run()
11 SYSTEMPATH\Boot.php(67): CodeIgniter\Boot::runCodeIgniter(Object(CodeIgniter\CodeIgniter))
12 FCPATH\index.php(59): CodeIgniter\Boot::bootWeb(Object(Config\Paths))
13 SYSTEMPATH\rewrite.php(44): require_once('C:\\xampp\\php\\codeigniter\\public\\index.php')
CRITICAL - 2025-06-24 08:35:27 --> ErrorException: Undefined variable $hlm
[Method: GET, Route: login]
in APPPATH\Views\layout_clear.php on line 7.
 1 APPPATH\Views\layout_clear.php(7): CodeIgniter\Debug\Exceptions->errorHandler(2, 'Undefined variable $hlm', 'C:\\xampp\\php\\codeigniter\\app\\Views\\layout_clear.php', 7)
 2 SYSTEMPATH\View\View.php(224): include('C:\\xampp\\php\\codeigniter\\app\\Views\\layout_clear.php')
 3 SYSTEMPATH\View\View.php(227): CodeIgniter\View\View->CodeIgniter\View\{closure}()
 4 SYSTEMPATH\View\View.php(240): CodeIgniter\View\View->render('layout_clear', [], true)
 5 SYSTEMPATH\Common.php(1173): CodeIgniter\View\View->render('login', [], true)
 6 APPPATH\Controllers\AuthController.php(40): view('login')
 7 SYSTEMPATH\CodeIgniter.php(933): App\Controllers\AuthController->login()
 8 SYSTEMPATH\CodeIgniter.php(507): CodeIgniter\CodeIgniter->runController(Object(App\Controllers\AuthController))
 9 SYSTEMPATH\CodeIgniter.php(354): CodeIgniter\CodeIgniter->handleRequest(null, Object(Config\Cache), false)
10 SYSTEMPATH\Boot.php(334): CodeIgniter\CodeIgniter->run()
11 SYSTEMPATH\Boot.php(67): CodeIgniter\Boot::runCodeIgniter(Object(CodeIgniter\CodeIgniter))
12 FCPATH\index.php(59): CodeIgniter\Boot::bootWeb(Object(Config\Paths))
13 SYSTEMPATH\rewrite.php(44): require_once('C:\\xampp\\php\\codeigniter\\public\\index.php')
CRITICAL - 2025-06-24 08:35:27 --> ErrorException: Undefined variable $hlm
[Method: GET, Route: login]
in APPPATH\Views\layout_clear.php on line 7.
 1 APPPATH\Views\layout_clear.php(7): CodeIgniter\Debug\Exceptions->errorHandler(2, 'Undefined variable $hlm', 'C:\\xampp\\php\\codeigniter\\app\\Views\\layout_clear.php', 7)
 2 SYSTEMPATH\View\View.php(224): include('C:\\xampp\\php\\codeigniter\\app\\Views\\layout_clear.php')
 3 SYSTEMPATH\View\View.php(227): CodeIgniter\View\View->CodeIgniter\View\{closure}()
 4 SYSTEMPATH\View\View.php(240): CodeIgniter\View\View->render('layout_clear', [], true)
 5 SYSTEMPATH\Common.php(1173): CodeIgniter\View\View->render('login', [], true)
 6 APPPATH\Controllers\AuthController.php(40): view('login')
 7 SYSTEMPATH\CodeIgniter.php(933): App\Controllers\AuthController->login()
 8 SYSTEMPATH\CodeIgniter.php(507): CodeIgniter\CodeIgniter->runController(Object(App\Controllers\AuthController))
 9 SYSTEMPATH\CodeIgniter.php(354): CodeIgniter\CodeIgniter->handleRequest(null, Object(Config\Cache), false)
10 SYSTEMPATH\Boot.php(334): CodeIgniter\CodeIgniter->run()
11 SYSTEMPATH\Boot.php(67): CodeIgniter\Boot::runCodeIgniter(Object(CodeIgniter\CodeIgniter))
12 FCPATH\index.php(59): CodeIgniter\Boot::bootWeb(Object(Config\Paths))
13 SYSTEMPATH\rewrite.php(44): require_once('C:\\xampp\\php\\codeigniter\\public\\index.php')
CRITICAL - 2025-06-24 08:35:27 --> ErrorException: Undefined variable $hlm
[Method: GET, Route: login]
in APPPATH\Views\layout_clear.php on line 7.
 1 APPPATH\Views\layout_clear.php(7): CodeIgniter\Debug\Exceptions->errorHandler(2, 'Undefined variable $hlm', 'C:\\xampp\\php\\codeigniter\\app\\Views\\layout_clear.php', 7)
 2 SYSTEMPATH\View\View.php(224): include('C:\\xampp\\php\\codeigniter\\app\\Views\\layout_clear.php')
 3 SYSTEMPATH\View\View.php(227): CodeIgniter\View\View->CodeIgniter\View\{closure}()
 4 SYSTEMPATH\View\View.php(240): CodeIgniter\View\View->render('layout_clear', [], true)
 5 SYSTEMPATH\Common.php(1173): CodeIgniter\View\View->render('login', [], true)
 6 APPPATH\Controllers\AuthController.php(40): view('login')
 7 SYSTEMPATH\CodeIgniter.php(933): App\Controllers\AuthController->login()
 8 SYSTEMPATH\CodeIgniter.php(507): CodeIgniter\CodeIgniter->runController(Object(App\Controllers\AuthController))
 9 SYSTEMPATH\CodeIgniter.php(354): CodeIgniter\CodeIgniter->handleRequest(null, Object(Config\Cache), false)
10 SYSTEMPATH\Boot.php(334): CodeIgniter\CodeIgniter->run()
11 SYSTEMPATH\Boot.php(67): CodeIgniter\Boot::runCodeIgniter(Object(CodeIgniter\CodeIgniter))
12 FCPATH\index.php(59): CodeIgniter\Boot::bootWeb(Object(Config\Paths))
13 SYSTEMPATH\rewrite.php(44): require_once('C:\\xampp\\php\\codeigniter\\public\\index.php')
CRITICAL - 2025-06-24 08:35:27 --> ErrorException: Undefined variable $hlm
[Method: GET, Route: login]
in APPPATH\Views\layout_clear.php on line 7.
 1 APPPATH\Views\layout_clear.php(7): CodeIgniter\Debug\Exceptions->errorHandler(2, 'Undefined variable $hlm', 'C:\\xampp\\php\\codeigniter\\app\\Views\\layout_clear.php', 7)
 2 SYSTEMPATH\View\View.php(224): include('C:\\xampp\\php\\codeigniter\\app\\Views\\layout_clear.php')
 3 SYSTEMPATH\View\View.php(227): CodeIgniter\View\View->CodeIgniter\View\{closure}()
 4 SYSTEMPATH\View\View.php(240): CodeIgniter\View\View->render('layout_clear', [], true)
 5 SYSTEMPATH\Common.php(1173): CodeIgniter\View\View->render('login', [], true)
 6 APPPATH\Controllers\AuthController.php(40): view('login')
 7 SYSTEMPATH\CodeIgniter.php(933): App\Controllers\AuthController->login()
 8 SYSTEMPATH\CodeIgniter.php(507): CodeIgniter\CodeIgniter->runController(Object(App\Controllers\AuthController))
 9 SYSTEMPATH\CodeIgniter.php(354): CodeIgniter\CodeIgniter->handleRequest(null, Object(Config\Cache), false)
10 SYSTEMPATH\Boot.php(334): CodeIgniter\CodeIgniter->run()
11 SYSTEMPATH\Boot.php(67): CodeIgniter\Boot::runCodeIgniter(Object(CodeIgniter\CodeIgniter))
12 FCPATH\index.php(59): CodeIgniter\Boot::bootWeb(Object(Config\Paths))
13 SYSTEMPATH\rewrite.php(44): require_once('C:\\xampp\\php\\codeigniter\\public\\index.php')
CRITICAL - 2025-06-24 08:57:04 --> CodeIgniter\Filters\Exceptions\FilterException: "auth" filter must have a matching alias defined.
[Method: GET, Route: menu]
in SYSTEMPATH\Filters\Filters.php on line 590.
 1 SYSTEMPATH\Filters\Filters.php(590): CodeIgniter\Filters\Exceptions\FilterException::forNoAlias('auth')
 2 SYSTEMPATH\Filters\Filters.php(641): CodeIgniter\Filters\Filters->enableFilter('auth', 'before')
 3 SYSTEMPATH\CodeIgniter.php(467): CodeIgniter\Filters\Filters->enableFilters([...], 'before')
 4 SYSTEMPATH\CodeIgniter.php(354): CodeIgniter\CodeIgniter->handleRequest(null, Object(Config\Cache), false)
 5 SYSTEMPATH\Boot.php(334): CodeIgniter\CodeIgniter->run()
 6 SYSTEMPATH\Boot.php(67): CodeIgniter\Boot::runCodeIgniter(Object(CodeIgniter\CodeIgniter))
 7 FCPATH\index.php(59): CodeIgniter\Boot::bootWeb(Object(Config\Paths))
 8 SYSTEMPATH\rewrite.php(44): require_once('C:\\xampp\\php\\codeigniter\\public\\index.php')
CRITICAL - 2025-06-24 09:01:38 --> CodeIgniter\Filters\Exceptions\FilterException: "auth" filter must have a matching alias defined.
[Method: GET, Route: menu]
in SYSTEMPATH\Filters\Filters.php on line 590.
 1 SYSTEMPATH\Filters\Filters.php(590): CodeIgniter\Filters\Exceptions\FilterException::forNoAlias('auth')
 2 SYSTEMPATH\Filters\Filters.php(641): CodeIgniter\Filters\Filters->enableFilter('auth', 'before')
 3 SYSTEMPATH\CodeIgniter.php(467): CodeIgniter\Filters\Filters->enableFilters([...], 'before')
 4 SYSTEMPATH\CodeIgniter.php(354): CodeIgniter\CodeIgniter->handleRequest(null, Object(Config\Cache), false)
 5 SYSTEMPATH\Boot.php(334): CodeIgniter\CodeIgniter->run()
 6 SYSTEMPATH\Boot.php(67): CodeIgniter\Boot::runCodeIgniter(Object(CodeIgniter\CodeIgniter))
 7 FCPATH\index.php(59): CodeIgniter\Boot::bootWeb(Object(Config\Paths))
 8 SYSTEMPATH\rewrite.php(44): require_once('C:\\xampp\\php\\codeigniter\\public\\index.php')
CRITICAL - 2025-06-24 09:03:28 --> CodeIgniter\Filters\Exceptions\FilterException: "auth" filter must have a matching alias defined.
[Method: GET, Route: keranjang]
in SYSTEMPATH\Filters\Filters.php on line 590.
 1 SYSTEMPATH\Filters\Filters.php(590): CodeIgniter\Filters\Exceptions\FilterException::forNoAlias('auth')
 2 SYSTEMPATH\Filters\Filters.php(641): CodeIgniter\Filters\Filters->enableFilter('auth', 'before')
 3 SYSTEMPATH\CodeIgniter.php(467): CodeIgniter\Filters\Filters->enableFilters([...], 'before')
 4 SYSTEMPATH\CodeIgniter.php(354): CodeIgniter\CodeIgniter->handleRequest(null, Object(Config\Cache), false)
 5 SYSTEMPATH\Boot.php(334): CodeIgniter\CodeIgniter->run()
 6 SYSTEMPATH\Boot.php(67): CodeIgniter\Boot::runCodeIgniter(Object(CodeIgniter\CodeIgniter))
 7 FCPATH\index.php(59): CodeIgniter\Boot::bootWeb(Object(Config\Paths))
 8 SYSTEMPATH\rewrite.php(44): require_once('C:\\xampp\\php\\codeigniter\\public\\index.php')
CRITICAL - 2025-06-24 09:05:05 --> CodeIgniter\Filters\Exceptions\FilterException: "auth" filter must have a matching alias defined.
[Method: GET, Route: keranjang]
in SYSTEMPATH\Filters\Filters.php on line 590.
 1 SYSTEMPATH\Filters\Filters.php(590): CodeIgniter\Filters\Exceptions\FilterException::forNoAlias('auth')
 2 SYSTEMPATH\Filters\Filters.php(641): CodeIgniter\Filters\Filters->enableFilter('auth', 'before')
 3 SYSTEMPATH\CodeIgniter.php(467): CodeIgniter\Filters\Filters->enableFilters([...], 'before')
 4 SYSTEMPATH\CodeIgniter.php(354): CodeIgniter\CodeIgniter->handleRequest(null, Object(Config\Cache), false)
 5 SYSTEMPATH\Boot.php(334): CodeIgniter\CodeIgniter->run()
 6 SYSTEMPATH\Boot.php(67): CodeIgniter\Boot::runCodeIgniter(Object(CodeIgniter\CodeIgniter))
 7 FCPATH\index.php(59): CodeIgniter\Boot::bootWeb(Object(Config\Paths))
 8 SYSTEMPATH\rewrite.php(44): require_once('C:\\xampp\\php\\codeigniter\\public\\index.php')
CRITICAL - 2025-06-24 09:07:37 --> CodeIgniter\Filters\Exceptions\FilterException: "auth" filter must have a matching alias defined.
[Method: GET, Route: keranjang]
in SYSTEMPATH\Filters\Filters.php on line 590.
 1 SYSTEMPATH\Filters\Filters.php(590): CodeIgniter\Filters\Exceptions\FilterException::forNoAlias('auth')
 2 SYSTEMPATH\Filters\Filters.php(641): CodeIgniter\Filters\Filters->enableFilter('auth', 'before')
 3 SYSTEMPATH\CodeIgniter.php(467): CodeIgniter\Filters\Filters->enableFilters([...], 'before')
 4 SYSTEMPATH\CodeIgniter.php(354): CodeIgniter\CodeIgniter->handleRequest(null, Object(Config\Cache), false)
 5 SYSTEMPATH\Boot.php(334): CodeIgniter\CodeIgniter->run()
 6 SYSTEMPATH\Boot.php(67): CodeIgniter\Boot::runCodeIgniter(Object(CodeIgniter\CodeIgniter))
 7 FCPATH\index.php(59): CodeIgniter\Boot::bootWeb(Object(Config\Paths))
 8 SYSTEMPATH\rewrite.php(44): require_once('C:\\xampp\\php\\codeigniter\\public\\index.php')
CRITICAL - 2025-06-24 09:08:20 --> CodeIgniter\Filters\Exceptions\FilterException: "auth" filter must have a matching alias defined.
[Method: GET, Route: keranjang]
in SYSTEMPATH\Filters\Filters.php on line 590.
 1 SYSTEMPATH\Filters\Filters.php(590): CodeIgniter\Filters\Exceptions\FilterException::forNoAlias('auth')
 2 SYSTEMPATH\Filters\Filters.php(641): CodeIgniter\Filters\Filters->enableFilter('auth', 'before')
 3 SYSTEMPATH\CodeIgniter.php(467): CodeIgniter\Filters\Filters->enableFilters([...], 'before')
 4 SYSTEMPATH\CodeIgniter.php(354): CodeIgniter\CodeIgniter->handleRequest(null, Object(Config\Cache), false)
 5 SYSTEMPATH\Boot.php(334): CodeIgniter\CodeIgniter->run()
 6 SYSTEMPATH\Boot.php(67): CodeIgniter\Boot::runCodeIgniter(Object(CodeIgniter\CodeIgniter))
 7 FCPATH\index.php(59): CodeIgniter\Boot::bootWeb(Object(Config\Paths))
 8 SYSTEMPATH\rewrite.php(44): require_once('C:\\xampp\\php\\codeigniter\\public\\index.php')
